2013-01-10 00:22:35 Error: [MissingViewException] View file "C:\xampp\htdocs\Dropbox\tcc\prototipo\app\View\Usuarios\admin_bem_vindo.ctp" is missing.
#0 C:\xampp\htdocs\Dropbox\tcc\prototipo\lib\Cake\View\View.php(473): View->_getViewFileName(NULL)
#1 C:\xampp\htdocs\Dropbox\tcc\prototipo\lib\Cake\Controller\Controller.php(956): View->render(NULL, NULL)
#2 C:\xampp\htdocs\Dropbox\tcc\prototipo\lib\Cake\Routing\Dispatcher.php(193): Controller->render()
#3 C:\xampp\htdocs\Dropbox\tcc\prototipo\lib\Cake\Routing\Dispatcher.php(161): Dispatcher->_invoke(Object(UsuariosController), Object(CakeRequest), Object(CakeResponse))
#4 C:\xampp\htdocs\Dropbox\tcc\prototipo\app\webroot\index.php(92): Dispatcher->dispatch(Object(CakeRequest), Object(CakeResponse))
#5 {main}
2013-01-10 00:57:37 Error: [MissingViewException] View file "C:\xampp\htdocs\Dropbox\tcc\prototipo\app\View\Usuarios\admin_bem_vindo.ctp" is missing.
#0 C:\xampp\htdocs\Dropbox\tcc\prototipo\lib\Cake\View\View.php(473): View->_getViewFileName(NULL)
#1 C:\xampp\htdocs\Dropbox\tcc\prototipo\lib\Cake\Controller\Controller.php(956): View->render(NULL, NULL)
#2 C:\xampp\htdocs\Dropbox\tcc\prototipo\lib\Cake\Routing\Dispatcher.php(193): Controller->render()
#3 C:\xampp\htdocs\Dropbox\tcc\prototipo\lib\Cake\Routing\Dispatcher.php(161): Dispatcher->_invoke(Object(UsuariosController), Object(CakeRequest), Object(CakeResponse))
#4 C:\xampp\htdocs\Dropbox\tcc\prototipo\app\webroot\index.php(92): Dispatcher->dispatch(Object(CakeRequest), Object(CakeResponse))
#5 {main}
2013-01-10 00:58:06 Error: [MissingViewException] View file "C:\xampp\htdocs\Dropbox\tcc\prototipo\app\View\Usuarios\admin_bem_vindo.ctp" is missing.
#0 C:\xampp\htdocs\Dropbox\tcc\prototipo\lib\Cake\View\View.php(473): View->_getViewFileName(NULL)
#1 C:\xampp\htdocs\Dropbox\tcc\prototipo\lib\Cake\Controller\Controller.php(956): View->render(NULL, NULL)
#2 C:\xampp\htdocs\Dropbox\tcc\prototipo\lib\Cake\Routing\Dispatcher.php(193): Controller->render()
#3 C:\xampp\htdocs\Dropbox\tcc\prototipo\lib\Cake\Routing\Dispatcher.php(161): Dispatcher->_invoke(Object(UsuariosController), Object(CakeRequest), Object(CakeResponse))
#4 C:\xampp\htdocs\Dropbox\tcc\prototipo\app\webroot\index.php(92): Dispatcher->dispatch(Object(CakeRequest), Object(CakeResponse))
#5 {main}
2013-01-10 00:58:57 Error: [MissingViewException] View file "C:\xampp\htdocs\Dropbox\tcc\prototipo\app\View\Usuarios\admin_bem_vindo.ctp" is missing.
#0 C:\xampp\htdocs\Dropbox\tcc\prototipo\lib\Cake\View\View.php(473): View->_getViewFileName(NULL)
#1 C:\xampp\htdocs\Dropbox\tcc\prototipo\lib\Cake\Controller\Controller.php(956): View->render(NULL, NULL)
#2 C:\xampp\htdocs\Dropbox\tcc\prototipo\lib\Cake\Routing\Dispatcher.php(193): Controller->render()
#3 C:\xampp\htdocs\Dropbox\tcc\prototipo\lib\Cake\Routing\Dispatcher.php(161): Dispatcher->_invoke(Object(UsuariosController), Object(CakeRequest), Object(CakeResponse))
#4 C:\xampp\htdocs\Dropbox\tcc\prototipo\app\webroot\index.php(92): Dispatcher->dispatch(Object(CakeRequest), Object(CakeResponse))
#5 {main}
2013-01-10 00:59:24 Error: [MissingViewException] View file "C:\xampp\htdocs\Dropbox\tcc\prototipo\app\View\Usuarios\admin_bem_vindo.ctp" is missing.
#0 C:\xampp\htdocs\Dropbox\tcc\prototipo\lib\Cake\View\View.php(473): View->_getViewFileName(NULL)
#1 C:\xampp\htdocs\Dropbox\tcc\prototipo\lib\Cake\Controller\Controller.php(956): View->render(NULL, NULL)
#2 C:\xampp\htdocs\Dropbox\tcc\prototipo\lib\Cake\Routing\Dispatcher.php(193): Controller->render()
#3 C:\xampp\htdocs\Dropbox\tcc\prototipo\lib\Cake\Routing\Dispatcher.php(161): Dispatcher->_invoke(Object(UsuariosController), Object(CakeRequest), Object(CakeResponse))
#4 C:\xampp\htdocs\Dropbox\tcc\prototipo\app\webroot\index.php(92): Dispatcher->dispatch(Object(CakeRequest), Object(CakeResponse))
#5 {main}
2013-01-10 01:00:39 Error: [MissingViewException] View file "C:\xampp\htdocs\Dropbox\tcc\prototipo\app\View\Usuarios\admin_bem_vindo.ctp" is missing.
#0 C:\xampp\htdocs\Dropbox\tcc\prototipo\lib\Cake\View\View.php(473): View->_getViewFileName(NULL)
#1 C:\xampp\htdocs\Dropbox\tcc\prototipo\lib\Cake\Controller\Controller.php(956): View->render(NULL, NULL)
#2 C:\xampp\htdocs\Dropbox\tcc\prototipo\lib\Cake\Routing\Dispatcher.php(193): Controller->render()
#3 C:\xampp\htdocs\Dropbox\tcc\prototipo\lib\Cake\Routing\Dispatcher.php(161): Dispatcher->_invoke(Object(UsuariosController), Object(CakeRequest), Object(CakeResponse))
#4 C:\xampp\htdocs\Dropbox\tcc\prototipo\app\webroot\index.php(92): Dispatcher->dispatch(Object(CakeRequest), Object(CakeResponse))
#5 {main}
2013-01-10 01:01:05 Error: [MissingViewException] View file "C:\xampp\htdocs\Dropbox\tcc\prototipo\app\View\Usuarios\admin_bem_vindo.ctp" is missing.
#0 C:\xampp\htdocs\Dropbox\tcc\prototipo\lib\Cake\View\View.php(473): View->_getViewFileName(NULL)
#1 C:\xampp\htdocs\Dropbox\tcc\prototipo\lib\Cake\Controller\Controller.php(956): View->render(NULL, NULL)
#2 C:\xampp\htdocs\Dropbox\tcc\prototipo\lib\Cake\Routing\Dispatcher.php(193): Controller->render()
#3 C:\xampp\htdocs\Dropbox\tcc\prototipo\lib\Cake\Routing\Dispatcher.php(161): Dispatcher->_invoke(Object(UsuariosController), Object(CakeRequest), Object(CakeResponse))
#4 C:\xampp\htdocs\Dropbox\tcc\prototipo\app\webroot\index.php(92): Dispatcher->dispatch(Object(CakeRequest), Object(CakeResponse))
#5 {main}
2013-01-10 01:03:42 Error: [MissingViewException] View file "C:\xampp\htdocs\Dropbox\tcc\prototipo\app\View\Usuarios\admin_bem_vindo.ctp" is missing.
#0 C:\xampp\htdocs\Dropbox\tcc\prototipo\lib\Cake\View\View.php(473): View->_getViewFileName(NULL)
#1 C:\xampp\htdocs\Dropbox\tcc\prototipo\lib\Cake\Controller\Controller.php(956): View->render(NULL, NULL)
#2 C:\xampp\htdocs\Dropbox\tcc\prototipo\lib\Cake\Routing\Dispatcher.php(193): Controller->render()
#3 C:\xampp\htdocs\Dropbox\tcc\prototipo\lib\Cake\Routing\Dispatcher.php(161): Dispatcher->_invoke(Object(UsuariosController), Object(CakeRequest), Object(CakeResponse))
#4 C:\xampp\htdocs\Dropbox\tcc\prototipo\app\webroot\index.php(92): Dispatcher->dispatch(Object(CakeRequest), Object(CakeResponse))
#5 {main}
2013-01-10 01:04:05 Error: [MissingActionException] Action UsuariosController::admin_bem-vindo() could not be found.
#0 C:\xampp\htdocs\Dropbox\tcc\prototipo\lib\Cake\Routing\Dispatcher.php(186): Controller->invokeAction(Object(CakeRequest))
#1 C:\xampp\htdocs\Dropbox\tcc\prototipo\lib\Cake\Routing\Dispatcher.php(161): Dispatcher->_invoke(Object(UsuariosController), Object(CakeRequest), Object(CakeResponse))
#2 C:\xampp\htdocs\Dropbox\tcc\prototipo\app\webroot\index.php(92): Dispatcher->dispatch(Object(CakeRequest), Object(CakeResponse))
#3 {main}
2013-01-10 01:04:35 Error: [MissingActionException] Action UsuariosController::admin_bem-vindo() could not be found.
#0 C:\xampp\htdocs\Dropbox\tcc\prototipo\lib\Cake\Routing\Dispatcher.php(186): Controller->invokeAction(Object(CakeRequest))
#1 C:\xampp\htdocs\Dropbox\tcc\prototipo\lib\Cake\Routing\Dispatcher.php(161): Dispatcher->_invoke(Object(UsuariosController), Object(CakeRequest), Object(CakeResponse))
#2 C:\xampp\htdocs\Dropbox\tcc\prototipo\app\webroot\index.php(92): Dispatcher->dispatch(Object(CakeRequest), Object(CakeResponse))
#3 {main}
2013-01-10 01:06:11 Error: [MissingActionException] Action UsuariosController::bemvindo() could not be found.
#0 C:\xampp\htdocs\Dropbox\tcc\prototipo\lib\Cake\Routing\Dispatcher.php(186): Controller->invokeAction(Object(CakeRequest))
#1 C:\xampp\htdocs\Dropbox\tcc\prototipo\lib\Cake\Routing\Dispatcher.php(161): Dispatcher->_invoke(Object(UsuariosController), Object(CakeRequest), Object(CakeResponse))
#2 C:\xampp\htdocs\Dropbox\tcc\prototipo\app\webroot\index.php(92): Dispatcher->dispatch(Object(CakeRequest), Object(CakeResponse))
#3 {main}
2013-01-11 23:06:41 Error: [MissingControllerException] Controller class UsersController could not be found.
#0 C:\xampp\htdocs\Dropbox\tcc\prototipo\app\webroot\index.php(92): Dispatcher->dispatch(Object(CakeRequest), Object(CakeResponse))
#1 {main}
2013-01-11 23:07:43 Error: [MissingControllerException] Controller class UsersController could not be found.
#0 C:\xampp\htdocs\Dropbox\tcc\prototipo\app\webroot\index.php(92): Dispatcher->dispatch(Object(CakeRequest), Object(CakeResponse))
#1 {main}
2013-01-11 23:07:54 Error: [MissingControllerException] Controller class UsersController could not be found.
#0 C:\xampp\htdocs\Dropbox\tcc\prototipo\app\webroot\index.php(92): Dispatcher->dispatch(Object(CakeRequest), Object(CakeResponse))
#1 {main}
2013-01-11 23:16:38 Error: [MissingControllerException] Controller class UsersController could not be found.
#0 C:\xampp\htdocs\Dropbox\tcc\prototipo\app\webroot\index.php(92): Dispatcher->dispatch(Object(CakeRequest), Object(CakeResponse))
#1 {main}
2013-01-11 23:16:50 Error: [MissingControllerException] Controller class UsersController could not be found.
#0 C:\xampp\htdocs\Dropbox\tcc\prototipo\app\webroot\index.php(92): Dispatcher->dispatch(Object(CakeRequest), Object(CakeResponse))
#1 {main}
2013-01-11 23:17:15 Error: [MissingControllerException] Controller class UsersController could not be found.
#0 C:\xampp\htdocs\Dropbox\tcc\prototipo\app\webroot\index.php(92): Dispatcher->dispatch(Object(CakeRequest), Object(CakeResponse))
#1 {main}
2013-01-11 23:18:43 Error: [CakeException] Authentication adapter "sessionKey" was not found.
#0 C:\xampp\htdocs\Dropbox\tcc\prototipo\lib\Cake\Controller\Component\AuthComponent.php(583): AuthComponent->constructAuthenticate()
#1 C:\xampp\htdocs\Dropbox\tcc\prototipo\lib\Cake\Controller\Component\AuthComponent.php(310): AuthComponent->_getUser()
#2 [internal function]: AuthComponent->startup(Object(UsuariosController))
#3 C:\xampp\htdocs\Dropbox\tcc\prototipo\lib\Cake\Utility\ObjectCollection.php(130): call_user_func_array(Array, Array)
#4 [internal function]: ObjectCollection->trigger(Object(CakeEvent))
#5 C:\xampp\htdocs\Dropbox\tcc\prototipo\lib\Cake\Event\CakeEventManager.php(246): call_user_func(Array, Object(CakeEvent))
#6 C:\xampp\htdocs\Dropbox\tcc\prototipo\lib\Cake\Controller\Controller.php(670): CakeEventManager->dispatch(Object(CakeEvent))
#7 C:\xampp\htdocs\Dropbox\tcc\prototipo\lib\Cake\Routing\Dispatcher.php(183): Controller->startupProcess()
#8 C:\xampp\htdocs\Dropbox\tcc\prototipo\lib\Cake\Routing\Dispatcher.php(161): Dispatcher->_invoke(Object(UsuariosController), Object(CakeRequest), Object(CakeResponse))
#9 C:\xampp\htdocs\Dropbox\tcc\prototipo\app\webroot\index.php(92): Dispatcher->dispatch(Object(CakeRequest), Object(CakeResponse))
#10 {main}
2013-01-11 23:18:58 Error: [CakeException] Authentication adapter "sessionKey" was not found.
#0 C:\xampp\htdocs\Dropbox\tcc\prototipo\lib\Cake\Controller\Component\AuthComponent.php(583): AuthComponent->constructAuthenticate()
#1 C:\xampp\htdocs\Dropbox\tcc\prototipo\lib\Cake\Controller\Component\AuthComponent.php(310): AuthComponent->_getUser()
#2 [internal function]: AuthComponent->startup(Object(UsuariosController))
#3 C:\xampp\htdocs\Dropbox\tcc\prototipo\lib\Cake\Utility\ObjectCollection.php(130): call_user_func_array(Array, Array)
#4 [internal function]: ObjectCollection->trigger(Object(CakeEvent))
#5 C:\xampp\htdocs\Dropbox\tcc\prototipo\lib\Cake\Event\CakeEventManager.php(246): call_user_func(Array, Object(CakeEvent))
#6 C:\xampp\htdocs\Dropbox\tcc\prototipo\lib\Cake\Controller\Controller.php(670): CakeEventManager->dispatch(Object(CakeEvent))
#7 C:\xampp\htdocs\Dropbox\tcc\prototipo\lib\Cake\Routing\Dispatcher.php(183): Controller->startupProcess()
#8 C:\xampp\htdocs\Dropbox\tcc\prototipo\lib\Cake\Routing\Dispatcher.php(161): Dispatcher->_invoke(Object(UsuariosController), Object(CakeRequest), Object(CakeResponse))
#9 C:\xampp\htdocs\Dropbox\tcc\prototipo\app\webroot\index.php(92): Dispatcher->dispatch(Object(CakeRequest), Object(CakeResponse))
#10 {main}
2013-01-11 23:19:16 Error: [CakeException] Authentication adapter "loginAction" was not found.
#0 C:\xampp\htdocs\Dropbox\tcc\prototipo\lib\Cake\Controller\Component\AuthComponent.php(583): AuthComponent->constructAuthenticate()
#1 C:\xampp\htdocs\Dropbox\tcc\prototipo\lib\Cake\Controller\Component\AuthComponent.php(310): AuthComponent->_getUser()
#2 [internal function]: AuthComponent->startup(Object(UsuariosController))
#3 C:\xampp\htdocs\Dropbox\tcc\prototipo\lib\Cake\Utility\ObjectCollection.php(130): call_user_func_array(Array, Array)
#4 [internal function]: ObjectCollection->trigger(Object(CakeEvent))
#5 C:\xampp\htdocs\Dropbox\tcc\prototipo\lib\Cake\Event\CakeEventManager.php(246): call_user_func(Array, Object(CakeEvent))
#6 C:\xampp\htdocs\Dropbox\tcc\prototipo\lib\Cake\Controller\Controller.php(670): CakeEventManager->dispatch(Object(CakeEvent))
#7 C:\xampp\htdocs\Dropbox\tcc\prototipo\lib\Cake\Routing\Dispatcher.php(183): Controller->startupProcess()
#8 C:\xampp\htdocs\Dropbox\tcc\prototipo\lib\Cake\Routing\Dispatcher.php(161): Dispatcher->_invoke(Object(UsuariosController), Object(CakeRequest), Object(CakeResponse))
#9 C:\xampp\htdocs\Dropbox\tcc\prototipo\app\webroot\index.php(92): Dispatcher->dispatch(Object(CakeRequest), Object(CakeResponse))
#10 {main}
2013-01-11 23:19:39 Error: [CakeException] Authentication adapter "loginRedirect" was not found.
#0 C:\xampp\htdocs\Dropbox\tcc\prototipo\lib\Cake\Controller\Component\AuthComponent.php(583): AuthComponent->constructAuthenticate()
#1 C:\xampp\htdocs\Dropbox\tcc\prototipo\lib\Cake\Controller\Component\AuthComponent.php(310): AuthComponent->_getUser()
#2 [internal function]: AuthComponent->startup(Object(UsuariosController))
#3 C:\xampp\htdocs\Dropbox\tcc\prototipo\lib\Cake\Utility\ObjectCollection.php(130): call_user_func_array(Array, Array)
#4 [internal function]: ObjectCollection->trigger(Object(CakeEvent))
#5 C:\xampp\htdocs\Dropbox\tcc\prototipo\lib\Cake\Event\CakeEventManager.php(246): call_user_func(Array, Object(CakeEvent))
#6 C:\xampp\htdocs\Dropbox\tcc\prototipo\lib\Cake\Controller\Controller.php(670): CakeEventManager->dispatch(Object(CakeEvent))
#7 C:\xampp\htdocs\Dropbox\tcc\prototipo\lib\Cake\Routing\Dispatcher.php(183): Controller->startupProcess()
#8 C:\xampp\htdocs\Dropbox\tcc\prototipo\lib\Cake\Routing\Dispatcher.php(161): Dispatcher->_invoke(Object(UsuariosController), Object(CakeRequest), Object(CakeResponse))
#9 C:\xampp\htdocs\Dropbox\tcc\prototipo\app\webroot\index.php(92): Dispatcher->dispatch(Object(CakeRequest), Object(CakeResponse))
#10 {main}
2013-01-11 23:19:50 Error: [MissingControllerException] Controller class UsersController could not be found.
#0 C:\xampp\htdocs\Dropbox\tcc\prototipo\app\webroot\index.php(92): Dispatcher->dispatch(Object(CakeRequest), Object(CakeResponse))
#1 {main}
2013-01-11 23:24:38 Error: [MissingControllerException] Controller class UsersController could not be found.
#0 C:\xampp\htdocs\Dropbox\tcc\prototipo\app\webroot\index.php(92): Dispatcher->dispatch(Object(CakeRequest), Object(CakeResponse))
#1 {main}
2013-01-11 23:24:38 Error: Fatal Error (1): Call to undefined method AuthComponent::allowedActions() in [C:\xampp\htdocs\Dropbox\tcc\prototipo\app\Controller\AppController.php, line 157]
2013-01-11 23:24:38 Error: [FatalErrorException] Call to undefined method AuthComponent::allowedActions()
#0 C:\xampp\htdocs\Dropbox\tcc\prototipo\lib\Cake\Error\ErrorHandler.php(161): ErrorHandler::handleFatalError(1, 'Call to undefin...', 'C:\xampp\htdocs...', 157)
#1 [internal function]: ErrorHandler::handleError(1, 'Call to undefin...', 'C:\xampp\htdocs...', 157, Array)
#2 C:\xampp\htdocs\Dropbox\tcc\prototipo\lib\Cake\Core\App.php(926): call_user_func('ErrorHandler::h...', 1, 'Call to undefin...', 'C:\xampp\htdocs...', 157, Array)
#3 C:\xampp\htdocs\Dropbox\tcc\prototipo\lib\Cake\Core\App.php(899): App::_checkFatalError()
#4 [internal function]: App::shutdown()
#5 {main}
2013-01-11 23:24:49 Error: [MissingControllerException] Controller class UsersController could not be found.
#0 C:\xampp\htdocs\Dropbox\tcc\prototipo\app\webroot\index.php(92): Dispatcher->dispatch(Object(CakeRequest), Object(CakeResponse))
#1 {main}
2013-01-11 23:24:49 Error: Fatal Error (1): Call to undefined method AuthComponent::allowedActions() in [C:\xampp\htdocs\Dropbox\tcc\prototipo\app\Controller\AppController.php, line 157]
2013-01-11 23:24:49 Error: [FatalErrorException] Call to undefined method AuthComponent::allowedActions()
#0 C:\xampp\htdocs\Dropbox\tcc\prototipo\lib\Cake\Error\ErrorHandler.php(161): ErrorHandler::handleFatalError(1, 'Call to undefin...', 'C:\xampp\htdocs...', 157)
#1 [internal function]: ErrorHandler::handleError(1, 'Call to undefin...', 'C:\xampp\htdocs...', 157, Array)
#2 C:\xampp\htdocs\Dropbox\tcc\prototipo\lib\Cake\Core\App.php(926): call_user_func('ErrorHandler::h...', 1, 'Call to undefin...', 'C:\xampp\htdocs...', 157, Array)
#3 C:\xampp\htdocs\Dropbox\tcc\prototipo\lib\Cake\Core\App.php(899): App::_checkFatalError()
#4 [internal function]: App::shutdown()
#5 {main}
2013-01-11 23:24:56 Error: [MissingControllerException] Controller class UsersController could not be found.
#0 C:\xampp\htdocs\Dropbox\tcc\prototipo\app\webroot\index.php(92): Dispatcher->dispatch(Object(CakeRequest), Object(CakeResponse))
#1 {main}
2013-01-11 23:34:43 Error: [MissingActionException] Action ProdutoCategoriasController::add() could not be found.
#0 C:\xampp\htdocs\Dropbox\tcc\prototipo\lib\Cake\Routing\Dispatcher.php(186): Controller->invokeAction(Object(CakeRequest))
#1 C:\xampp\htdocs\Dropbox\tcc\prototipo\lib\Cake\Routing\Dispatcher.php(161): Dispatcher->_invoke(Object(ProdutoCategoriasController), Object(CakeRequest), Object(CakeResponse))
#2 C:\xampp\htdocs\Dropbox\tcc\prototipo\app\webroot\index.php(92): Dispatcher->dispatch(Object(CakeRequest), Object(CakeResponse))
#3 {main}
2013-01-11 23:35:16 Error: [MissingControllerException] Controller class ImgController could not be found.
#0 C:\xampp\htdocs\Dropbox\tcc\prototipo\app\webroot\index.php(92): Dispatcher->dispatch(Object(CakeRequest), Object(CakeResponse))
#1 {main}
2013-01-11 23:35:17 Error: [MissingControllerException] Controller class ImgController could not be found.
#0 C:\xampp\htdocs\Dropbox\tcc\prototipo\app\webroot\index.php(92): Dispatcher->dispatch(Object(CakeRequest), Object(CakeResponse))
#1 {main}
2013-01-11 23:35:17 Error: [MissingControllerException] Controller class ImgController could not be found.
#0 C:\xampp\htdocs\Dropbox\tcc\prototipo\app\webroot\index.php(92): Dispatcher->dispatch(Object(CakeRequest), Object(CakeResponse))
#1 {main}
2013-01-11 23:35:18 Error: [MissingControllerException] Controller class ImgController could not be found.
#0 C:\xampp\htdocs\Dropbox\tcc\prototipo\app\webroot\index.php(92): Dispatcher->dispatch(Object(CakeRequest), Object(CakeResponse))
#1 {main}
2013-01-11 23:35:18 Error: [MissingControllerException] Controller class ImgController could not be found.
#0 C:\xampp\htdocs\Dropbox\tcc\prototipo\app\webroot\index.php(92): Dispatcher->dispatch(Object(CakeRequest), Object(CakeResponse))
#1 {main}
2013-01-11 23:35:19 Error: [MissingControllerException] Controller class ImgController could not be found.
#0 C:\xampp\htdocs\Dropbox\tcc\prototipo\app\webroot\index.php(92): Dispatcher->dispatch(Object(CakeRequest), Object(CakeResponse))
#1 {main}
2013-01-11 23:35:19 Error: [MissingControllerException] Controller class ImgController could not be found.
#0 C:\xampp\htdocs\Dropbox\tcc\prototipo\app\webroot\index.php(92): Dispatcher->dispatch(Object(CakeRequest), Object(CakeResponse))
#1 {main}
2013-01-11 23:35:20 Error: [MissingControllerException] Controller class ImgController could not be found.
#0 C:\xampp\htdocs\Dropbox\tcc\prototipo\app\webroot\index.php(92): Dispatcher->dispatch(Object(CakeRequest), Object(CakeResponse))
#1 {main}
2013-01-11 23:35:20 Error: [MissingControllerException] Controller class ImgController could not be found.
#0 C:\xampp\htdocs\Dropbox\tcc\prototipo\app\webroot\index.php(92): Dispatcher->dispatch(Object(CakeRequest), Object(CakeResponse))
#1 {main}
2013-01-11 23:39:59 Error: [MissingControllerException] Controller class ImgController could not be found.
#0 C:\xampp\htdocs\Dropbox\tcc\prototipo\app\webroot\index.php(92): Dispatcher->dispatch(Object(CakeRequest), Object(CakeResponse))
#1 {main}
2013-01-11 23:40:01 Error: [MissingControllerException] Controller class ImgController could not be found.
#0 C:\xampp\htdocs\Dropbox\tcc\prototipo\app\webroot\index.php(92): Dispatcher->dispatch(Object(CakeRequest), Object(CakeResponse))
#1 {main}
2013-01-11 23:40:01 Error: [MissingControllerException] Controller class ImgController could not be found.
#0 C:\xampp\htdocs\Dropbox\tcc\prototipo\app\webroot\index.php(92): Dispatcher->dispatch(Object(CakeRequest), Object(CakeResponse))
#1 {main}
2013-01-11 23:40:01 Error: [MissingControllerException] Controller class ImgController could not be found.
#0 C:\xampp\htdocs\Dropbox\tcc\prototipo\app\webroot\index.php(92): Dispatcher->dispatch(Object(CakeRequest), Object(CakeResponse))
#1 {main}
2013-01-11 23:40:02 Error: [MissingControllerException] Controller class ImgController could not be found.
#0 C:\xampp\htdocs\Dropbox\tcc\prototipo\app\webroot\index.php(92): Dispatcher->dispatch(Object(CakeRequest), Object(CakeResponse))
#1 {main}
2013-01-11 23:40:03 Error: [MissingControllerException] Controller class ImgController could not be found.
#0 C:\xampp\htdocs\Dropbox\tcc\prototipo\app\webroot\index.php(92): Dispatcher->dispatch(Object(CakeRequest), Object(CakeResponse))
#1 {main}
2013-01-11 23:40:03 Error: [MissingControllerException] Controller class ImgController could not be found.
#0 C:\xampp\htdocs\Dropbox\tcc\prototipo\app\webroot\index.php(92): Dispatcher->dispatch(Object(CakeRequest), Object(CakeResponse))
#1 {main}
2013-01-11 23:40:04 Error: [MissingControllerException] Controller class ImgController could not be found.
#0 C:\xampp\htdocs\Dropbox\tcc\prototipo\app\webroot\index.php(92): Dispatcher->dispatch(Object(CakeRequest), Object(CakeResponse))
#1 {main}
2013-01-11 23:51:20 Error: [MissingControllerException] Controller class ImgController could not be found.
#0 C:\xampp\htdocs\Dropbox\tcc\prototipo\app\webroot\index.php(92): Dispatcher->dispatch(Object(CakeRequest), Object(CakeResponse))
#1 {main}
2013-01-11 23:51:21 Error: [MissingControllerException] Controller class ImgController could not be found.
#0 C:\xampp\htdocs\Dropbox\tcc\prototipo\app\webroot\index.php(92): Dispatcher->dispatch(Object(CakeRequest), Object(CakeResponse))
#1 {main}
2013-01-11 23:51:21 Error: [MissingControllerException] Controller class ImgController could not be found.
#0 C:\xampp\htdocs\Dropbox\tcc\prototipo\app\webroot\index.php(92): Dispatcher->dispatch(Object(CakeRequest), Object(CakeResponse))
#1 {main}
2013-01-11 23:51:22 Error: [MissingControllerException] Controller class ImgController could not be found.
#0 C:\xampp\htdocs\Dropbox\tcc\prototipo\app\webroot\index.php(92): Dispatcher->dispatch(Object(CakeRequest), Object(CakeResponse))
#1 {main}
2013-01-11 23:51:22 Error: [MissingControllerException] Controller class ImgController could not be found.
#0 C:\xampp\htdocs\Dropbox\tcc\prototipo\app\webroot\index.php(92): Dispatcher->dispatch(Object(CakeRequest), Object(CakeResponse))
#1 {main}
2013-01-11 23:51:23 Error: [MissingControllerException] Controller class ImgController could not be found.
#0 C:\xampp\htdocs\Dropbox\tcc\prototipo\app\webroot\index.php(92): Dispatcher->dispatch(Object(CakeRequest), Object(CakeResponse))
#1 {main}
2013-01-11 23:51:23 Error: [MissingControllerException] Controller class ImgController could not be found.
#0 C:\xampp\htdocs\Dropbox\tcc\prototipo\app\webroot\index.php(92): Dispatcher->dispatch(Object(CakeRequest), Object(CakeResponse))
#1 {main}
2013-01-11 23:51:23 Error: [MissingControllerException] Controller class ImgController could not be found.
#0 C:\xampp\htdocs\Dropbox\tcc\prototipo\app\webroot\index.php(92): Dispatcher->dispatch(Object(CakeRequest), Object(CakeResponse))
#1 {main}
2013-01-11 23:51:24 Error: [MissingControllerException] Controller class ImgController could not be found.
#0 C:\xampp\htdocs\Dropbox\tcc\prototipo\app\webroot\index.php(92): Dispatcher->dispatch(Object(CakeRequest), Object(CakeResponse))
#1 {main}
2013-01-12 00:03:21 Error: [MissingActionException] Action UsuariosController::bem_vindo() could not be found.
#0 C:\xampp\htdocs\Dropbox\tcc\prototipo\lib\Cake\Routing\Dispatcher.php(186): Controller->invokeAction(Object(CakeRequest))
#1 C:\xampp\htdocs\Dropbox\tcc\prototipo\lib\Cake\Routing\Dispatcher.php(161): Dispatcher->_invoke(Object(UsuariosController), Object(CakeRequest), Object(CakeResponse))
#2 C:\xampp\htdocs\Dropbox\tcc\prototipo\app\webroot\index.php(92): Dispatcher->dispatch(Object(CakeRequest), Object(CakeResponse))
#3 {main}
